
11월 21, 2022 11:09:30.68 NEW SESSION
11월 21, 2022 11:09:30.68 [10460:7776:1121/110930.687:ERROR:device_event_log_impl.cc(215)] [11:09:30.688] Bluetooth: bluetooth_adapter_winrt.cc:1074 Getting Default Adapter failed.
11월 21, 2022 11:26:40.33 [11404:8440:1121/112640.335:ERROR:device_event_log_impl.cc(215)] [11:26:40.336] Bluetooth: bluetooth_adapter_winrt.cc:1074 Getting Default Adapter failed.
11월 21, 2022 11:29:39.23 [12396:4316:1121/112939.234:ERROR:device_event_log_impl.cc(215)] [11:29:39.233] Bluetooth: bluetooth_adapter_winrt.cc:1074 Getting Default Adapter failed.
11월 21, 2022 12:16:35.65 [12396:4316:1121/121635.653:ERROR:interface_endpoint_client.cc(690)] Message 5 rejected by interface blink.mojom.WidgetHost
11월 21, 2022 12:25:33.30 [12396:4316:1121/122533.303:ERROR:interface_endpoint_client.cc(690)] Message 5 rejected by interface blink.mojom.WidgetHost
11월 21, 2022 14:42:53.73 [libprotobuf ERROR ..\..\third_party\protobuf\src\google\protobuf\message_lite.cc:133] Can't parse message of type "safe_browsing.ClientDownloadRequest" because it is missing required fields: (cannot determine missing fields for lite message)
11월 21, 2022 14:42:58.04 [libprotobuf ERROR ..\..\third_party\protobuf\src\google\protobuf\message_lite.cc:133] Can't parse message of type "safe_browsing.ClientDownloadRequest" because it is missing required fields: (cannot determine missing fields for lite message)
11월 21, 2022 14:45:29.85 [libprotobuf ERROR ..\..\third_party\protobuf\src\google\protobuf\message_lite.cc:133] Can't parse message of type "safe_browsing.ClientDownloadRequest" because it is missing required fields: (cannot determine missing fields for lite message)
11월 21, 2022 15:00:39.42 [2988:12052:1121/150039.422:ERROR:device_event_log_impl.cc(215)] [15:00:39.421] Bluetooth: bluetooth_adapter_winrt.cc:1074 Getting Default Adapter failed.
11월 21, 2022 15:02:29.23 [14096:2032:1121/150229.238:ERROR:device_event_log_impl.cc(215)] [15:02:29.239] Bluetooth: bluetooth_adapter_winrt.cc:1074 Getting Default Adapter failed.
11월 21, 2022 16:02:17.53 [libprotobuf ERROR ..\..\third_party\protobuf\src\google\protobuf\message_lite.cc:133] Can't parse message of type "safe_browsing.ClientDownloadRequest" because it is missing required fields: (cannot determine missing fields for lite message)
11월 21, 2022 16:12:45.18 [5088:14332:1121/161245.182:ERROR:device_event_log_impl.cc(215)] [16:12:45.183] Bluetooth: bluetooth_adapter_winrt.cc:1074 Getting Default Adapter failed.
11월 21, 2022 16:14:32.54 [libprotobuf ERROR ..\..\third_party\protobuf\src\google\protobuf\message_lite.cc:133] Can't parse message of type "safe_browsing.ClientDownloadRequest" because it is missing required fields: (cannot determine missing fields for lite message)
11월 21, 2022 16:14:34.63 [libprotobuf ERROR ..\..\third_party\protobuf\src\google\protobuf\message_lite.cc:133] Can't parse message of type "safe_browsing.ClientDownloadRequest" because it is missing required fields: (cannot determine missing fields for lite message)
11월 21, 2022 18:30:53.15 [libprotobuf ERROR ..\..\third_party\protobuf\src\google\protobuf\message_lite.cc:133] Can't parse message of type "safe_browsing.ClientDownloadRequest" because it is missing required fields: (cannot determine missing fields for lite message)
11월 21, 2022 18:30:56.59 [libprotobuf ERROR ..\..\third_party\protobuf\src\google\protobuf\message_lite.cc:133] Can't parse message of type "safe_browsing.ClientDownloadRequest" because it is missing required fields: (cannot determine missing fields for lite message)

11월 23, 2022 18:14:57.22 NEW SESSION
11월 23, 2022 18:14:57.22 [2744:2184:1123/181457.220:ERROR:device_event_log_impl.cc(215)] [18:14:57.219] Bluetooth: bluetooth_adapter_winrt.cc:1074 Getting Default Adapter failed.
11월 23, 2022 18:19:18.10 [14936:14744:1123/181918.104:ERROR:device_event_log_impl.cc(215)] [18:19:18.104] Bluetooth: bluetooth_adapter_winrt.cc:1074 Getting Default Adapter failed.
11월 23, 2022 18:26:16.45 [13900:3320:1123/182616.454:ERROR:device_event_log_impl.cc(215)] [18:26:16.454] Bluetooth: bluetooth_adapter_winrt.cc:1074 Getting Default Adapter failed.
11월 23, 2022 18:27:22.28 [13900:3320:1123/182722.279:ERROR:interface_endpoint_client.cc(690)] Message 5 rejected by interface blink.mojom.WidgetHost
11월 23, 2022 18:40:59.19 [libprotobuf ERROR ..\..\third_party\protobuf\src\google\protobuf\message_lite.cc:133] Can't parse message of type "safe_browsing.ClientDownloadRequest" because it is missing required fields: (cannot determine missing fields for lite message)
11월 23, 2022 18:47:30.60 [libprotobuf ERROR ..\..\third_party\protobuf\src\google\protobuf\message_lite.cc:133] Can't parse message of type "safe_browsing.ClientDownloadRequest" because it is missing required fields: (cannot determine missing fields for lite message)

11월 24, 2022 17:33:52.51 NEW SESSION
11월 24, 2022 17:33:52.51 [12672:2372:1124/173352.508:ERROR:device_event_log_impl.cc(215)] [17:33:52.509] Bluetooth: bluetooth_adapter_winrt.cc:1074 Getting Default Adapter failed.
11월 24, 2022 18:14:45.69 [libprotobuf ERROR ..\..\third_party\protobuf\src\google\protobuf\message_lite.cc:133] Can't parse message of type "safe_browsing.ClientDownloadRequest" because it is missing required fields: (cannot determine missing fields for lite message)
11월 24, 2022 18:37:39.22 [11192:5828:1124/183739.220:ERROR:device_event_log_impl.cc(215)] [18:37:39.220] Bluetooth: bluetooth_adapter_winrt.cc:1074 Getting Default Adapter failed.

11월 24, 2022 18:38:42.95 NEW SESSION
11월 24, 2022 18:38:42.95 [12720:14628:1124/183842.950:ERROR:device_event_log_impl.cc(215)] [18:38:42.950] Bluetooth: bluetooth_adapter_winrt.cc:1074 Getting Default Adapter failed.
11월 24, 2022 18:41:51.22 [8872:10440:1124/184151.229:ERROR:device_event_log_impl.cc(215)] [18:41:51.230] Bluetooth: bluetooth_adapter_winrt.cc:1074 Getting Default Adapter failed.
11월 24, 2022 18:44:49.45 [libprotobuf ERROR ..\..\third_party\protobuf\src\google\protobuf\message_lite.cc:133] Can't parse message of type "safe_browsing.ClientDownloadRequest" because it is missing required fields: (cannot determine missing fields for lite message)
11월 24, 2022 18:45:20.20 [libprotobuf ERROR ..\..\third_party\protobuf\src\google\protobuf\message_lite.cc:133] Can't parse message of type "safe_browsing.ClientDownloadRequest" because it is missing required fields: (cannot determine missing fields for lite message)

11월 25, 2022 13:36:40.25 NEW SESSION
11월 25, 2022 13:36:40.25 [11100:14332:1125/133640.257:ERROR:device_event_log_impl.cc(215)] [13:36:40.258] Bluetooth: bluetooth_adapter_winrt.cc:1074 Getting Default Adapter failed.
11월 25, 2022 13:40:58.22 [11100:14332:1125/134058.229:ERROR:interface_endpoint_client.cc(690)] Message 0 rejected by interface blink.mojom.WidgetHost
11월 25, 2022 13:40:58.23 [11100:14332:1125/134058.229:ERROR:interface_endpoint_client.cc(690)] Message 1 rejected by interface blink.mojom.WidgetHost
11월 25, 2022 14:08:20.62 [libprotobuf ERROR ..\..\third_party\protobuf\src\google\protobuf\message_lite.cc:133] Can't parse message of type "safe_browsing.ClientDownloadRequest" because it is missing required fields: (cannot determine missing fields for lite message)

11월 25, 2022 16:39:25.03 NEW SESSION
11월 25, 2022 16:39:25.03 [12964:7344:1125/163925.029:ERROR:device_event_log_impl.cc(215)] [16:39:25.028] Bluetooth: bluetooth_adapter_winrt.cc:1074 Getting Default Adapter failed.
11월 25, 2022 16:40:44.93 [14496:6092:1125/164044.930:ERROR:device_event_log_impl.cc(215)] [16:40:44.930] Bluetooth: bluetooth_adapter_winrt.cc:1074 Getting Default Adapter failed.
11월 25, 2022 17:05:42.25 [2992:10824:1125/170542.254:ERROR:device_event_log_impl.cc(215)] [17:05:42.254] Bluetooth: bluetooth_adapter_winrt.cc:1074 Getting Default Adapter failed.
11월 25, 2022 17:14:38.14 [2992:10824:1125/171438.144:ERROR:CONSOLE(1)] "Uncaught (in promise) TypeError: Cannot read properties of null (reading 'origin')", source: devtools://devtools/bundled/devtools-frontend/front_end/panels/elements/elements.js (1)

11월 28, 2022 09:23:14.81 NEW SESSION
11월 28, 2022 09:23:14.81 [7020:4032:1128/092314.814:ERROR:device_event_log_impl.cc(215)] [09:23:14.813] Bluetooth: bluetooth_adapter_winrt.cc:1074 Getting Default Adapter failed.

11월 28, 2022 13:57:02.63 NEW SESSION
11월 28, 2022 13:57:02.63 [10104:8376:1128/135702.629:ERROR:device_event_log_impl.cc(215)] [13:57:02.629] Bluetooth: bluetooth_adapter_winrt.cc:1074 Getting Default Adapter failed.

11월 29, 2022 16:12:10.82 NEW SESSION
11월 29, 2022 16:12:10.82 [7684:8880:1129/161210.818:ERROR:device_event_log_impl.cc(215)] [16:12:10.818] Bluetooth: bluetooth_adapter_winrt.cc:1074 Getting Default Adapter failed.

11월 30, 2022 11:02:14.28 NEW SESSION
11월 30, 2022 11:02:14.28 [13732:2252:1130/110214.280:ERROR:device_event_log_impl.cc(215)] [11:02:14.280] Bluetooth: bluetooth_adapter_winrt.cc:1074 Getting Default Adapter failed.
11월 30, 2022 11:03:20.28 [9980:9516:1130/110320.283:ERROR:device_event_log_impl.cc(215)] [11:03:20.283] Bluetooth: bluetooth_adapter_winrt.cc:1074 Getting Default Adapter failed.
11월 30, 2022 11:30:28.52 [9980:9516:1130/113028.524:ERROR:CONSOLE(598)] "Uncaught Error: PageHandler_UndoBlocklistPromo_Params missing value for non-nullable field "promoId"", source: chrome://resources/mojo/mojo/public/js/bindings.js (598)

12월 02, 2022 08:40:30.90 NEW SESSION
12월 02, 2022 08:40:30.90 [6120:4688:1202/084030.903:ERROR:device_event_log_impl.cc(215)] [08:40:30.902] Bluetooth: bluetooth_adapter_winrt.cc:1074 Getting Default Adapter failed.
12월 02, 2022 08:44:25.93 [11964:9272:1202/084425.939:ERROR:device_event_log_impl.cc(215)] [08:44:25.939] Bluetooth: bluetooth_adapter_winrt.cc:1074 Getting Default Adapter failed.
12월 02, 2022 08:53:28.27 [libprotobuf ERROR ..\..\third_party\protobuf\src\google\protobuf\message_lite.cc:133] Can't parse message of type "safe_browsing.ClientDownloadRequest" because it is missing required fields: (cannot determine missing fields for lite message)
12월 02, 2022 08:53:30.30 [libprotobuf ERROR ..\..\third_party\protobuf\src\google\protobuf\message_lite.cc:133] Can't parse message of type "safe_browsing.ClientDownloadRequest" because it is missing required fields: (cannot determine missing fields for lite message)
12월 02, 2022 10:22:45.03 [libprotobuf ERROR ..\..\third_party\protobuf\src\google\protobuf\message_lite.cc:133] Can't parse message of type "safe_browsing.ClientDownloadRequest" because it is missing required fields: (cannot determine missing fields for lite message)
12월 02, 2022 11:12:26.46 [libprotobuf ERROR ..\..\third_party\protobuf\src\google\protobuf\message_lite.cc:133] Can't parse message of type "safe_browsing.ClientDownloadRequest" because it is missing required fields: (cannot determine missing fields for lite message)
12월 02, 2022 11:36:01.25 [libprotobuf ERROR ..\..\third_party\protobuf\src\google\protobuf\message_lite.cc:133] Can't parse message of type "safe_browsing.ClientDownloadRequest" because it is missing required fields: (cannot determine missing fields for lite message)
12월 02, 2022 11:39:02.23 [libprotobuf ERROR ..\..\third_party\protobuf\src\google\protobuf\message_lite.cc:133] Can't parse message of type "safe_browsing.ClientDownloadRequest" because it is missing required fields: (cannot determine missing fields for lite message)
12월 02, 2022 11:40:19.93 [libprotobuf ERROR ..\..\third_party\protobuf\src\google\protobuf\message_lite.cc:133] Can't parse message of type "safe_browsing.ClientDownloadRequest" because it is missing required fields: (cannot determine missing fields for lite message)
